<?xml version="1.0" encoding="UTF-8"?>
<testsuite name="com.example.android.architecture.blueprints.todoapp.MainActivityRobolectricTest" tests="1" skipped="0" failures="0" errors="0" timestamp="2026-06-08T08:10:56.587Z" hostname="FF0519" time="2.318">
  <properties/>
  <testcase name="robolectricEnvironment_isAvailable" classname="com.example.android.architecture.blueprints.todoapp.MainActivityRobolectricTest" time="2.318"/>
  <system-out><![CDATA[]]></system-out>
  <system-err><![CDATA[]]></system-err>
</testsuite>
