<?xml version="1.0" encoding="UTF-8"?>
<testsuite name="com.example.android.architecture.blueprints.todoapp.addedittask.AddEditTaskViewModelTest" tests="6" skipped="0" failures="0" errors="0" timestamp="2026-06-08T08:11:00.901Z" hostname="FF0519" time="0.201">
  <properties/>
  <testcase name="loadTasks_loading" classname="com.example.android.architecture.blueprints.todoapp.addedittask.AddEditTaskViewModelTest" time="0.193"/>
  <testcase name="loadTasks_taskShown" classname="com.example.android.architecture.blueprints.todoapp.addedittask.AddEditTaskViewModelTest" time="0.002"/>
  <testcase name="saveNewTaskToRepository_showsSuccessMessageUi" classname="com.example.android.architecture.blueprints.todoapp.addedittask.AddEditTaskViewModelTest" time="0.002"/>
  <testcase name="saveNewTaskToRepository_emptyDescriptionEmptyTitle_error" classname="com.example.android.architecture.blueprints.todoapp.addedittask.AddEditTaskViewModelTest" time="0.003"/>
  <testcase name="saveNewTaskToRepository_emptyDescription_error" classname="com.example.android.architecture.blueprints.todoapp.addedittask.AddEditTaskViewModelTest" time="0.0"/>
  <testcase name="saveNewTaskToRepository_emptyTitle_error" classname="com.example.android.architecture.blueprints.todoapp.addedittask.AddEditTaskViewModelTest" time="0.001"/>
  <system-out><![CDATA[]]></system-out>
  <system-err><![CDATA[]]></system-err>
</testsuite>
